\BOOKMARK [0][-]{section*.1}{Preface}{}% 1
\BOOKMARK [0][-]{section*.2}{Declaration of Authorship}{}% 2
\BOOKMARK [0][-]{section*.3}{Acknowledgements}{}% 3
\BOOKMARK [0][-]{section*.4}{Abstract}{}% 4
\BOOKMARK [0][-]{section*.5}{Notation}{}% 5
\BOOKMARK [0][-]{section*.6}{Pseudocode}{}% 6
\BOOKMARK [0][-]{chapter.1}{Overview of Relevant Topics}{}% 7
\BOOKMARK [1][-]{section.1.1}{Groups}{chapter.1}% 8
\BOOKMARK [2][-]{subsection.1.1.1}{Definition}{section.1.1}% 9
\BOOKMARK [1][-]{section.1.2}{Finite Fields}{chapter.1}% 10
\BOOKMARK [2][-]{subsection.1.2.1}{Basic Properties}{section.1.2}% 11
\BOOKMARK [1][-]{section.1.3}{Construction of Fpn}{chapter.1}% 12
\BOOKMARK [0][-]{chapter.2}{Literature Review}{}% 13
\BOOKMARK [1][-]{section.2.1}{Cryptographic Development}{chapter.2}% 14
\BOOKMARK [1][-]{section.2.2}{Public-Key Distribution}{chapter.2}% 15
\BOOKMARK [1][-]{section.2.3}{Computing Logarithms}{chapter.2}% 16
\BOOKMARK [2][-]{subsection.2.3.1}{Computational Complexity Issues}{section.2.3}% 17
\BOOKMARK [2][-]{subsection.2.3.2}{Reduction}{section.2.3}% 18
\BOOKMARK [3][-]{subsubsection.2.3.2.1}{The first reduction}{subsection.2.3.2}% 19
\BOOKMARK [3][-]{subsubsection.2.3.2.2}{The next reduction}{subsection.2.3.2}% 20
\BOOKMARK [1][-]{section.2.4}{Historical Perspective}{chapter.2}% 21
\BOOKMARK [0][-]{chapter.3}{Discrete Logarithms and Cryptosystems}{}% 22
\BOOKMARK [1][-]{section.3.1}{Discrete Logarithms in Finite Fields}{chapter.3}% 23
\BOOKMARK [2][-]{subsection.3.1.1}{The Discrete Logarithm Problem in Fp}{section.3.1}% 24
\BOOKMARK [2][-]{subsection.3.1.2}{The Discrete Logarithm Problem in F2n}{section.3.1}% 25
\BOOKMARK [1][-]{section.3.2}{Properties of the Discrete Logarithm}{chapter.3}% 26
\BOOKMARK [1][-]{section.3.3}{Complexity}{chapter.3}% 27
\BOOKMARK [1][-]{section.3.4}{Public Key Cryptography with Discrete Logarithms}{chapter.3}% 28
\BOOKMARK [2][-]{subsection.3.4.1}{The Diffie-Hellman Key Exchange}{section.3.4}% 29
\BOOKMARK [2][-]{subsection.3.4.2}{The ElGamal Cryptosystem}{section.3.4}% 30
\BOOKMARK [0][-]{chapter.4}{Efficient Computations in Finite Fields}{}% 31
\BOOKMARK [1][-]{section.4.1}{Finite Field Representations}{chapter.4}% 32
\BOOKMARK [2][-]{subsection.4.1.1}{Fields of Prime Order}{section.4.1}% 33
\BOOKMARK [3][-]{subsubsection.4.1.1.1}{Properties of Modular Arithmetic}{subsection.4.1.1}% 34
\BOOKMARK [2][-]{subsection.4.1.2}{Finite Fields of Prime Power Order}{section.4.1}% 35
\BOOKMARK [3][-]{subsubsection.4.1.2.1}{Polynomial Arithmetic}{subsection.4.1.2}% 36
\BOOKMARK [2][-]{subsection.4.1.3}{Further Reading}{section.4.1}% 37
\BOOKMARK [1][-]{section.4.2}{Discrete Exponentiation}{chapter.4}% 38
\BOOKMARK [1][-]{section.4.3}{Exponentiation by Squaring}{chapter.4}% 39
\BOOKMARK [1][-]{section.4.4}{Irreducible Polynomials}{chapter.4}% 40
\BOOKMARK [2][-]{subsection.4.4.1}{Testing for irreducibility}{section.4.4}% 41
\BOOKMARK [2][-]{subsection.4.4.2}{Generating irreducible polynomials}{section.4.4}% 42
\BOOKMARK [1][-]{section.4.5}{Primitive Polynomials}{chapter.4}% 43
\BOOKMARK [2][-]{subsection.4.5.1}{Further Reading}{section.4.5}% 44
\BOOKMARK [0][-]{chapter.5}{Determining the Discrete Logarithm}{}% 45
\BOOKMARK [1][-]{section.5.1}{Procedures in Generic Discrete Logarithm Algorithms}{chapter.5}% 46
\BOOKMARK [2][-]{subsection.5.1.1}{Extended Euclidean Algorithm}{section.5.1}% 47
\BOOKMARK [2][-]{subsection.5.1.2}{Multiplicative Inverse}{section.5.1}% 48
\BOOKMARK [2][-]{subsection.5.1.3}{Square-and-Multiply}{section.5.1}% 49
\BOOKMARK [2][-]{subsection.5.1.4}{Chinese Remainder Theorem, CRT}{section.5.1}% 50
\BOOKMARK [2][-]{subsection.5.1.5}{Gauss's Algorithm}{section.5.1}% 51
\BOOKMARK [2][-]{subsection.5.1.6}{Floyd's Cycle-finding algorithm}{section.5.1}% 52
\BOOKMARK [1][-]{section.5.2}{Generic Discrete Logarithm Algorithms}{chapter.5}% 53
\BOOKMARK [2][-]{subsection.5.2.1}{Brute-Force Search}{section.5.2}% 54
\BOOKMARK [2][-]{subsection.5.2.2}{Shanks' ``Baby-Step Giant-Step" Algorithm}{section.5.2}% 55
\BOOKMARK [2][-]{subsection.5.2.3}{Pollard's \040Algorithm for Discrete Logarithms}{section.5.2}% 56
\BOOKMARK [2][-]{subsection.5.2.4}{Pohlig-Hellman Algorithm}{section.5.2}% 57
\BOOKMARK [2][-]{subsection.5.2.5}{Further Reading}{section.5.2}% 58
\BOOKMARK [1][-]{section.5.3}{Non-generic Discrete Logarithm Algorithm}{chapter.5}% 59
\BOOKMARK [2][-]{subsection.5.3.1}{Index-Calculus Algorithm}{section.5.3}% 60
\BOOKMARK [2][-]{subsection.5.3.2}{Index-Calculus Algorithm in Fp*}{section.5.3}% 61
\BOOKMARK [2][-]{subsection.5.3.3}{Index-Calculus Algorithm in F2n*}{section.5.3}% 62
\BOOKMARK [0][-]{chapter.6}{Implementation in C++}{}% 63
\BOOKMARK [1][-]{section.6.1}{Implementation for Fp}{chapter.6}% 64
\BOOKMARK [2][-]{subsection.6.1.1}{Functionality}{section.6.1}% 65
\BOOKMARK [2][-]{subsection.6.1.2}{Efficiency}{section.6.1}% 66
\BOOKMARK [2][-]{subsection.6.1.3}{Testing and Debugging Procedures}{section.6.1}% 67
\BOOKMARK [2][-]{subsection.6.1.4}{Elapsed Time}{section.6.1}% 68
\BOOKMARK [2][-]{subsection.6.1.5}{Implementation Issues}{section.6.1}% 69
\BOOKMARK [1][-]{section.6.2}{Implementation for F2n}{chapter.6}% 70
\BOOKMARK [2][-]{subsection.6.2.1}{Functionality}{section.6.2}% 71
\BOOKMARK [2][-]{subsection.6.2.2}{Efficiency}{section.6.2}% 72
\BOOKMARK [2][-]{subsection.6.2.3}{Testing and Debugging Procedures}{section.6.2}% 73
\BOOKMARK [2][-]{subsection.6.2.4}{Elapsed Time}{section.6.2}% 74
\BOOKMARK [2][-]{subsection.6.2.5}{Implementation Issues}{section.6.2}% 75
\BOOKMARK [0][-]{chapter.7}{Conclusion}{}% 76
\BOOKMARK [0][-]{appendix.A}{Source Codes}{}% 77
\BOOKMARK [1][-]{section.A.1}{Algorithms for Fp}{appendix.A}% 78
\BOOKMARK [2][-]{subsection.A.1.1}{Brute-Force Search}{section.A.1}% 79
\BOOKMARK [2][-]{subsection.A.1.2}{Shanks' ``Baby-Step Giant-Step" Method}{section.A.1}% 80
\BOOKMARK [2][-]{subsection.A.1.3}{Pollard's \040algorithm for logarithms}{section.A.1}% 81
\BOOKMARK [2][-]{subsection.A.1.4}{Pohlig-Hellman Algorithm}{section.A.1}% 82
\BOOKMARK [1][-]{section.A.2}{Algorithms for Fpn}{appendix.A}% 83
\BOOKMARK [2][-]{subsection.A.2.1}{Brute-Force Search}{section.A.2}% 84
\BOOKMARK [2][-]{subsection.A.2.2}{Shanks' ``Baby-Step Giant-Step" Method}{section.A.2}% 85
\BOOKMARK [2][-]{subsection.A.2.3}{Pollard's \040algorithm for logarithms}{section.A.2}% 86
