This is pdfTeX, Version 3.1415926-2.3-1.40.12 (TeX Live 2011) (format=pdflatex 2012.5.23)  12 SEP 2012 09:37
entering extended mode
 restricted \write18 enabled.
 %&-line parsing enabled.
**DLPThesisFinal2.tex
(./DLPThesisFinal2.tex
LaTeX2e <2009/09/24>
Babel <v3.8l> and hyphenation patterns for english, dumylang, nohyphenation, ge
rman-x-2009-06-19, ngerman-x-2009-06-19, afrikaans, ancientgreek, ibycus, arabi
c, armenian, basque, bulgarian, catalan, pinyin, coptic, croatian, czech, danis
h, dutch, ukenglish, usenglishmax, esperanto, estonian, ethiopic, farsi, finnis
h, french, galician, german, ngerman, swissgerman, monogreek, greek, hungarian,
 icelandic, assamese, bengali, gujarati, hindi, kannada, malayalam, marathi, or
iya, panjabi, tamil, telugu, indonesian, interlingua, irish, italian, kurmanji,
 lao, latin, latvian, lithuanian, mongolian, mongolianlmc, bokmal, nynorsk, pol
ish, portuguese, romanian, russian, sanskrit, serbian, serbianc, slovak, sloven
ian, spanish, swedish, turkish, turkmen, ukrainian, uppersorbian, welsh, loaded
.
(./luthesis.cls
Document Class: luthesis 2012/02/19
(/usr/local/texlive/2011/texmf-dist/tex/latex/base/report.cls
Document Class: report 2007/10/19 v1.4h Standard LaTeX document class
(/usr/local/texlive/2011/texmf-dist/tex/latex/base/size12.clo
File: size12.clo 2007/10/19 v1.4h Standard LaTeX file (size option)
)
\c@part=\count79
\c@chapter=\count80
\c@section=\count81
\c@subsection=\count82
\c@subsubsection=\count83
\c@paragraph=\count84
\c@subparagraph=\count85
\c@figure=\count86
\c@table=\count87
\abovecaptionskip=\skip41
\belowcaptionskip=\skip42
\bibindent=\dimen102
)
(/usr/local/texlive/2011/texmf-dist/tex/generic/babel/babel.sty
Package: babel 2008/07/06 v3.8l The Babel package

(/usr/local/texlive/2011/texmf-dist/tex/generic/babel/english.ldf
Language: english 2005/03/30 v3.3o English support from the babel system

(/usr/local/texlive/2011/texmf-dist/tex/generic/babel/babel.def
File: babel.def 2008/07/06 v3.8l Babel common definitions
\babel@savecnt=\count88
\U@D=\dimen103
)
\l@canadian = a dialect from \language\l@american 
\l@australian = a dialect from \language\l@british 
\l@newzealand = a dialect from \language\l@british 
))
(/usr/local/texlive/2011/texmf-dist/tex/latex/setspace/setspace.sty
Package: setspace 2000/12/01 6.7 Contributed and Supported LaTeX2e package

Package: `setspace' 6.7 <2000/12/01>
) (/usr/local/texlive/2011/texmf-dist/tex/latex/geometry/geometry.sty
Package: geometry 2010/09/12 v5.6 Page Geometry

(/usr/local/texlive/2011/texmf-dist/tex/latex/graphics/keyval.sty
Package: keyval 1999/03/16 v1.13 key=value parser (DPC)
\KV@toks@=\toks14
)
(/usr/local/texlive/2011/texmf-dist/tex/generic/oberdiek/ifpdf.sty
Package: ifpdf 2011/01/30 v2.3 Provides the ifpdf switch (HO)
Package ifpdf Info: pdfTeX in PDF mode is detected.
)
(/usr/local/texlive/2011/texmf-dist/tex/generic/oberdiek/ifvtex.sty
Package: ifvtex 2010/03/01 v1.5 Switches for detecting VTeX and its modes (HO)
Package ifvtex Info: VTeX not detected.
)
(/usr/local/texlive/2011/texmf-dist/tex/generic/ifxetex/ifxetex.sty
Package: ifxetex 2010/09/12 v0.6 Provides ifxetex conditional
)
\Gm@cnth=\count89
\Gm@cntv=\count90
\c@Gm@tempcnt=\count91
\Gm@bindingoffset=\dimen104
\Gm@wd@mp=\dimen105
\Gm@odd@mp=\dimen106
\Gm@even@mp=\dimen107
\Gm@layoutwidth=\dimen108
\Gm@layoutheight=\dimen109
\Gm@layouthoffset=\dimen110
\Gm@layoutvoffset=\dimen111
\Gm@dimlist=\toks15
)
(/usr/local/texlive/2011/texmf-dist/tex/latex/base/ifthen.sty
Package: ifthen 2001/05/26 v1.1c Standard LaTeX ifthen package (DPC)
)
(/usr/local/texlive/2011/texmf-dist/tex/latex/sectsty/sectsty.sty
Package: sectsty 2002/02/25 v2.0.2 Commands to change all sectional heading sty
les
)
(/usr/local/texlive/2011/texmf-dist/tex/latex/graphics/color.sty
Package: color 2005/11/14 v1.0j Standard LaTeX Color (DPC)

(/usr/local/texlive/2011/texmf-dist/tex/latex/latexconfig/color.cfg
File: color.cfg 2007/01/18 v1.5 color configuration of teTeX/TeXLive
)
Package color Info: Driver file: pdftex.def on input line 130.

(/usr/local/texlive/2011/texmf-dist/tex/latex/pdftex-def/pdftex.def
File: pdftex.def 2011/05/27 v0.06d Graphics/color for pdfTeX

(/usr/local/texlive/2011/texmf-dist/tex/generic/oberdiek/infwarerr.sty
Package: infwarerr 2010/04/08 v1.3 Providing info/warning/message (HO)
)
(/usr/local/texlive/2011/texmf-dist/tex/generic/oberdiek/ltxcmds.sty
Package: ltxcmds 2011/04/18 v1.20 LaTeX kernel commands for general use (HO)
)
\Gread@gobject=\count92
)
(/usr/local/texlive/2011/texmf-dist/tex/latex/graphics/dvipsnam.def
File: dvipsnam.def 1999/02/16 v3.0i Driver-dependant file (DPC,SPQR)
))
(/usr/local/texlive/2011/texmf-dist/tex/latex/graphics/graphicx.sty
Package: graphicx 1999/02/16 v1.0f Enhanced LaTeX Graphics (DPC,SPQR)

(/usr/local/texlive/2011/texmf-dist/tex/latex/graphics/graphics.sty
Package: graphics 2009/02/05 v1.0o Standard LaTeX Graphics (DPC,SPQR)

(/usr/local/texlive/2011/texmf-dist/tex/latex/graphics/trig.sty
Package: trig 1999/03/16 v1.09 sin cos tan (DPC)
)
(/usr/local/texlive/2011/texmf-dist/tex/latex/latexconfig/graphics.cfg
File: graphics.cfg 2010/04/23 v1.9 graphics configuration of TeX Live
)
Package graphics Info: Driver file: pdftex.def on input line 91.
)
\Gin@req@height=\dimen112
\Gin@req@width=\dimen113
)
(/usr/local/texlive/2011/texmf-dist/tex/latex/pdfpages/pdfpages.sty
Package: pdfpages 2011/03/10 v0.4n Insert pages of external PDF documents (AM)

(/usr/local/texlive/2011/texmf-dist/tex/latex/tools/calc.sty
Package: calc 2007/08/22 v4.3 Infix arithmetic (KKT,FJ)
\calc@Acount=\count93
\calc@Bcount=\count94
\calc@Adimen=\dimen114
\calc@Bdimen=\dimen115
\calc@Askip=\skip43
\calc@Bskip=\skip44
LaTeX Info: Redefining \setlength on input line 76.
LaTeX Info: Redefining \addtolength on input line 77.
\calc@Ccount=\count95
\calc@Cskip=\skip45
)
(/usr/local/texlive/2011/texmf-dist/tex/latex/eso-pic/eso-pic.sty
Package: eso-pic 2010/10/06 v2.0c eso-pic (RN)

(/usr/local/texlive/2011/texmf-dist/tex/generic/oberdiek/atbegshi.sty
Package: atbegshi 2011/01/30 v1.15 At begin shipout hook (HO)
))
(/usr/local/texlive/2011/texmf-dist/tex/latex/pdfpages/pppdftex.def
File: pppdftex.def 2011/03/10 v0.4n Pdfpages driver for pdfTeX (AM)
)
\AM@pagebox=\box26
\AM@toc@title=\toks16
\c@AM@survey=\count96
\AM@templatesizebox=\box27
))
(/usr/local/texlive/2011/texmf-dist/tex/latex/hyperref/hyperref.sty
Package: hyperref 2011/04/17 v6.82g Hypertext links for LaTeX

(/usr/local/texlive/2011/texmf-dist/tex/generic/oberdiek/hobsub-hyperref.sty
Package: hobsub-hyperref 2011/04/23 v1.4 Bundle oberdiek, subset hyperref (HO)

(/usr/local/texlive/2011/texmf-dist/tex/generic/oberdiek/hobsub-generic.sty
Package: hobsub-generic 2011/04/23 v1.4 Bundle oberdiek, subset generic (HO)
Package: hobsub 2011/04/23 v1.4 Subsetting bundle oberdiek (HO)
Package hobsub Info: Skipping package `infwarerr' (already loaded).
Package hobsub Info: Skipping package `ltxcmds' (already loaded).
Package: ifluatex 2010/03/01 v1.3 Provides the ifluatex switch (HO)
Package ifluatex Info: LuaTeX not detected.
Package hobsub Info: Skipping package `ifvtex' (already loaded).
Package: intcalc 2007/09/27 v1.1 Expandable integer calculations (HO)
Package hobsub Info: Skipping package `ifpdf' (already loaded).
Package: etexcmds 2011/02/16 v1.5 Prefix for e-TeX command names (HO)
Package etexcmds Info: Could not find \expanded.
(etexcmds)             That can mean that you are not using pdfTeX 1.50 or
(etexcmds)             that some package has redefined \expanded.
(etexcmds)             In the latter case, load this package earlier.
Package: kvsetkeys 2011/04/07 v1.13 Key value parser (HO)
Package: kvdefinekeys 2011/04/07 v1.3 Defining keys (HO)
Package: pdftexcmds 2011/04/22 v0.16 Utilities of pdfTeX for LuaTeX (HO)
Package pdftexcmds Info: LuaTeX not detected.
Package pdftexcmds Info: \pdf@primitive is available.
Package pdftexcmds Info: \pdf@ifprimitive is available.
Package pdftexcmds Info: \pdfdraftmode found.
Package: pdfescape 2011/04/04 v1.12 Provides string conversions (HO)
Package: bigintcalc 2011/01/30 v1.2 Expandable big integer calculations (HO)
Package: bitset 2011/01/30 v1.1 Data type bit set (HO)
Package: uniquecounter 2011/01/30 v1.2 Provides unlimited unique counter (HO)
)
Package hobsub Info: Skipping package `hobsub' (already loaded).
Package: letltxmacro 2010/09/02 v1.4 Let assignment for LaTeX macros (HO)
Package: hopatch 2011/01/30 v1.0 Wrapper for package hooks (HO)
Package: xcolor-patch 2011/01/30 xcolor patch
Package: atveryend 2011/04/23 v1.7 Hooks at very end of document (HO)
Package atveryend Info: \enddocument detected (standard).
Package hobsub Info: Skipping package `atbegshi' (already loaded).
Package: refcount 2010/12/01 v3.2 Data extraction from references (HO)
Package: hycolor 2011/01/30 v1.7 Color options of hyperref/bookmark (HO)
)
(/usr/local/texlive/2011/texmf-dist/tex/latex/oberdiek/kvoptions.sty
Package: kvoptions 2010/12/23 v3.10 Keyval support for LaTeX options (HO)
)
\@linkdim=\dimen116
\Hy@linkcounter=\count97
\Hy@pagecounter=\count98

(/usr/local/texlive/2011/texmf-dist/tex/latex/hyperref/pd1enc.def
File: pd1enc.def 2011/04/17 v6.82g Hyperref: PDFDocEncoding definition (HO)
)
\Hy@SavedSpaceFactor=\count99

(/usr/local/texlive/2011/texmf-dist/tex/latex/latexconfig/hyperref.cfg
File: hyperref.cfg 2002/06/06 v1.2 hyperref configuration of TeXLive
)
Package hyperref Info: Option `pdfpagelabels' set `true' on input line 3905.
Package hyperref Info: Option `plainpages' set `false' on input line 3905.
Package hyperref Info: Option `bookmarksopen' set `true' on input line 3905.
Package hyperref Info: Option `breaklinks' set `true' on input line 3905.
Package hyperref Info: Option `colorlinks' set `true' on input line 3905.
Package hyperref Info: Option `linktocpage' set `true' on input line 3905.
Package hyperref Info: Hyper figures OFF on input line 4026.
Package hyperref Info: Link nesting OFF on input line 4031.
Package hyperref Info: Hyper index ON on input line 4034.
Package hyperref Info: Plain pages OFF on input line 4041.
Package hyperref Info: Backreferencing OFF on input line 4046.
Package hyperref Info: Implicit mode ON; LaTeX internals redefined.
Package hyperref Info: Bookmarks ON on input line 4264.
\c@Hy@tempcnt=\count100

(/usr/local/texlive/2011/texmf-dist/tex/latex/url/url.sty
\Urlmuskip=\muskip10
Package: url 2006/04/12  ver 3.3  Verb mode for urls, etc.
)
LaTeX Info: Redefining \url on input line 4617.
\Fld@menulength=\count101
\Field@Width=\dimen117
\Fld@charsize=\dimen118
Package hyperref Info: Hyper figures OFF on input line 5701.
Package hyperref Info: Link nesting OFF on input line 5706.
Package hyperref Info: Hyper index ON on input line 5709.
Package hyperref Info: backreferencing OFF on input line 5716.
Package hyperref Info: Link coloring ON on input line 5719.
Package hyperref Info: Link coloring with OCG OFF on input line 5726.
Package hyperref Info: PDF/A mode OFF on input line 5731.
LaTeX Info: Redefining \ref on input line 5771.
LaTeX Info: Redefining \pageref on input line 5775.
\Hy@abspage=\count102
\c@Item=\count103
\c@Hfootnote=\count104
)

Package hyperref Message: Driver (autodetected): hpdftex.

(/usr/local/texlive/2011/texmf-dist/tex/latex/hyperref/hpdftex.def
File: hpdftex.def 2011/04/17 v6.82g Hyperref driver for pdfTeX
\Fld@listcount=\count105
\c@bookmark@seq@number=\count106

(/usr/local/texlive/2011/texmf-dist/tex/latex/oberdiek/rerunfilecheck.sty
Package: rerunfilecheck 2011/04/15 v1.7 Rerun checks for auxiliary files (HO)
Package uniquecounter Info: New unique counter `rerunfilecheck' on input line 2
82.
)
\Hy@SectionHShift=\skip46
)
(/usr/local/texlive/2011/texmf-dist/tex/latex/fixme/fixme.sty
Package: fixme 2009/09/30 v4.1 Insert fixme notes in your documents

(/usr/local/texlive/2011/texmf-dist/tex/latex/tools/verbatim.sty
Package: verbatim 2003/08/22 v1.5q LaTeX2e package for verbatim enhancements
\every@verbatim=\toks17
\verbatim@line=\toks18
\verbatim@in@stream=\read1
)
(/usr/local/texlive/2011/texmf-dist/tex/latex/xkeyval/xkeyval.sty
Package: xkeyval 2008/08/13 v2.6a package option processing (HA)

(/usr/local/texlive/2011/texmf-dist/tex/generic/xkeyval/xkeyval.tex
\XKV@toks=\toks19
\XKV@tempa@toks=\toks20
\XKV@depth=\count107
File: xkeyval.tex 2008/08/13 v2.6a key=value parser (HA)
))
\c@fixmecount=\count108
\c@fxnotecount=\count109
\c@fxwarningcount=\count110
\c@fxerrorcount=\count111
\c@fxfatalcount=\count112
)
(/usr/local/texlive/2011/texmf-dist/tex/latex/booktabs/booktabs.sty
Package: booktabs 2005/04/14 v1.61803 publication quality tables
\heavyrulewidth=\dimen119
\lightrulewidth=\dimen120
\cmidrulewidth=\dimen121
\belowrulesep=\dimen122
\belowbottomsep=\dimen123
\aboverulesep=\dimen124
\abovetopsep=\dimen125
\cmidrulesep=\dimen126
\cmidrulekern=\dimen127
\defaultaddspace=\dimen128
\@cmidla=\count113
\@cmidlb=\count114
\@aboverulesep=\dimen129
\@belowrulesep=\dimen130
\@thisruleclass=\count115
\@lastruleclass=\count116
\@thisrulewidth=\dimen131
)
(/usr/local/texlive/2011/texmf-dist/tex/latex/wrapfig/wrapfig.sty
\wrapoverhang=\dimen132
\WF@size=\dimen133
\c@WF@wrappedlines=\count117
\WF@box=\box28
\WF@everypar=\toks21
Package: wrapfig 2003/01/31  v 3.6
)
(/usr/local/texlive/2011/texmf-dist/tex/latex/base/latexsym.sty
Package: latexsym 1998/08/17 v2.2e Standard LaTeX package (lasy symbols)
\symlasy=\mathgroup4
LaTeX Font Info:    Overwriting symbol font `lasy' in version `bold'
(Font)                  U/lasy/m/n --> U/lasy/b/n on input line 47.
)
(/usr/local/texlive/2011/texmf-dist/tex/latex/amscls/amsthm.sty
Package: amsthm 2009/07/02 v2.20.1
\thm@style=\toks22
\thm@bodyfont=\toks23
\thm@headfont=\toks24
\thm@notefont=\toks25
\thm@headpunct=\toks26
\thm@preskip=\skip47
\thm@postskip=\skip48
\thm@headsep=\skip49
\dth@everypar=\toks27
)
(/usr/local/texlive/2011/texmf-dist/tex/latex/amsfonts/amsfonts.sty
Package: amsfonts 2009/06/22 v3.00 Basic AMSFonts support
\@emptytoks=\toks28
\symAMSa=\mathgroup5
\symAMSb=\mathgroup6
LaTeX Font Info:    Overwriting math alphabet `\mathfrak' in version `bold'
(Font)                  U/euf/m/n --> U/euf/b/n on input line 96.
)
(/usr/local/texlive/2011/texmf-dist/tex/latex/algorithms/algorithm.sty
Package: algorithm 2009/08/24 v0.1 Document Style `algorithm' - floating enviro
nment

(/usr/local/texlive/2011/texmf-dist/tex/latex/float/float.sty
Package: float 2001/11/08 v1.3d Float enhancements (AL)
\c@float@type=\count118
\float@exts=\toks29
\float@box=\box29
\@float@everytoks=\toks30
\@floatcapt=\box30
)
\@float@every@algorithm=\toks31
\c@algorithm=\count119
)
(/usr/local/texlive/2011/texmf-dist/tex/latex/algorithms/algorithmic.sty
Package: algorithmic 2009/08/24 v0.1 Document Style `algorithmic'
\c@ALC@unique=\count120
\c@ALC@line=\count121
\c@ALC@rem=\count122
\c@ALC@depth=\count123
\ALC@tlm=\skip50
\algorithmicindent=\skip51
)
(/usr/local/texlive/2011/texmf-dist/tex/latex/multirow/multirow.sty
\bigstrutjot=\dimen134
)
(./DLPThesisFinal2.aux

LaTeX Warning: Label `table:nonlin' multiply defined.


LaTeX Warning: Label `table:nonlin' multiply defined.


LaTeX Warning: Label `table:nonlin' multiply defined.


LaTeX Warning: Label `table:nonlin' multiply defined.


LaTeX Warning: Label `' multiply defined.


LaTeX Warning: Label `' multiply defined.


LaTeX Warning: Label `' multiply defined.


LaTeX Warning: Label `' multiply defined.

)
\openout1 = `DLPThesisFinal2.aux'.

LaTeX Font Info:    Checking defaults for OML/cmm/m/it on input line 42.
LaTeX Font Info:    ... okay on input line 42.
LaTeX Font Info:    Checking defaults for T1/cmr/m/n on input line 42.
LaTeX Font Info:    ... okay on input line 42.
LaTeX Font Info:    Checking defaults for OT1/cmr/m/n on input line 42.
LaTeX Font Info:    ... okay on input line 42.
LaTeX Font Info:    Checking defaults for OMS/cmsy/m/n on input line 42.
LaTeX Font Info:    ... okay on input line 42.
LaTeX Font Info:    Checking defaults for OMX/cmex/m/n on input line 42.
LaTeX Font Info:    ... okay on input line 42.
LaTeX Font Info:    Checking defaults for U/cmr/m/n on input line 42.
LaTeX Font Info:    ... okay on input line 42.
LaTeX Font Info:    Checking defaults for PD1/pdf/m/n on input line 42.
LaTeX Font Info:    ... okay on input line 42.

*geometry* driver: auto-detecting
*geometry* detected driver: pdftex
*geometry* verbose mode - [ preamble ] result:
* driver: pdftex
* paper: <default>
* layout: <same size as paper>
* layoutoffset:(h,v)=(0.0pt,0.0pt)
* modes: 
* h-part:(L,W,R)=(108.405pt, 416.83289pt, 72.26999pt)
* v-part:(T,H,B)=(72.26999pt, 700.50687pt, 72.26999pt)
* \paperwidth=597.50787pt
* \paperheight=845.04684pt
* \textwidth=416.83289pt
* \textheight=700.50687pt
* \oddsidemargin=36.13501pt
* \evensidemargin=36.13501pt
* \topmargin=-37.0pt
* \headheight=12.0pt
* \headsep=25.0pt
* \topskip=12.0pt
* \footskip=30.0pt
* \marginparwidth=35.0pt
* \marginparsep=10.0pt
* \columnsep=10.0pt
* \skip\footins=10.8pt plus 4.0pt minus 2.0pt
* \hoffset=0.0pt
* \voffset=0.0pt
* \mag=1000
* \@twocolumnfalse
* \@twosidefalse
* \@mparswitchfalse
* \@reversemarginfalse
* (1in=72.27pt=25.4mm, 1cm=28.453pt)

(/usr/local/texlive/2011/texmf-dist/tex/context/base/supp-pdf.mkii
[Loading MPS to PDF converter (version 2006.09.02).]
\scratchcounter=\count124
\scratchdimen=\dimen135
\scratchbox=\box31
\nofMPsegments=\count125
\nofMParguments=\count126
\everyMPshowfont=\toks32
\MPscratchCnt=\count127
\MPscratchDim=\dimen136
\MPnumerator=\count128
\makeMPintoPDFobject=\count129
\everyMPtoPDFconversion=\toks33
) (/usr/local/texlive/2011/texmf-dist/tex/latex/oberdiek/epstopdf-base.sty
Package: epstopdf-base 2010/02/09 v2.5 Base part for package epstopdf

(/usr/local/texlive/2011/texmf-dist/tex/latex/oberdiek/grfext.sty
Package: grfext 2010/08/19 v1.1 Managing graphics extensions (HO)
)
Package grfext Info: Graphics extension search list:
(grfext)             [.png,.pdf,.jpg,.mps,.jpeg,.jbig2,.jb2,.PNG,.PDF,.JPG,.JPE
G,.JBIG2,.JB2,.eps]
(grfext)             \AppendGraphicsExtensions on input line 452.

(/usr/local/texlive/2011/texmf-dist/tex/latex/latexconfig/epstopdf-sys.cfg
File: epstopdf-sys.cfg 2010/07/13 v1.3 Configuration of (r)epstopdf for TeX Liv
e
))
\AtBeginShipoutBox=\box32
Package hyperref Info: Link coloring ON on input line 42.

(/usr/local/texlive/2011/texmf-dist/tex/latex/hyperref/nameref.sty
Package: nameref 2010/04/30 v2.40 Cross-referencing by name of section

(/usr/local/texlive/2011/texmf-dist/tex/generic/oberdiek/gettitlestring.sty
Package: gettitlestring 2010/12/03 v1.4 Cleanup title references (HO)
)
\c@section@level=\count130
)
LaTeX Info: Redefining \ref on input line 42.
LaTeX Info: Redefining \pageref on input line 42.
LaTeX Info: Redefining \nameref on input line 42.

(./DLPThesisFinal2.out) (./DLPThesisFinal2.out)
\@outlinefile=\write3
\openout3 = `DLPThesisFinal2.out'.

LaTeX Font Info:    Try loading font information for U+lasy on input line 44.

(/usr/local/texlive/2011/texmf-dist/tex/latex/base/ulasy.fd
File: ulasy.fd 1998/08/17 v2.2e LaTeX symbol font definitions
)
LaTeX Font Info:    Try loading font information for U+msa on input line 44.

(/usr/local/texlive/2011/texmf-dist/tex/latex/amsfonts/umsa.fd
File: umsa.fd 2009/06/22 v3.00 AMS symbols A
)
LaTeX Font Info:    Try loading font information for U+msb on input line 44.

(/usr/local/texlive/2011/texmf-dist/tex/latex/amsfonts/umsb.fd
File: umsb.fd 2009/06/22 v3.00 AMS symbols B
) [1

{/usr/local/texlive/2011/texmf-var/fonts/map/pdftex/updmap/pdftex.map}]
Chapter 0.
[2



] [3] [4]
Chapter 0.

Underfull \hbox (badness 10000) in paragraph at lines 75--79

 []

[5

]
Chapter 0.

Underfull \hbox (badness 10000) in paragraph at lines 84--94

 []


Underfull \hbox (badness 10000) in paragraph at lines 84--94

 []


Underfull \hbox (badness 10000) in paragraph at lines 84--94

 []

[6

]
Chapter 0.
[7

]
Chapter 0.
LaTeX Font Info:    Try loading font information for OMS+cmr on input line 106.

(/usr/local/texlive/2011/texmf-dist/tex/latex/base/omscmr.fd
File: omscmr.fd 1999/05/25 v2.5h Standard LaTeX font definitions
)
LaTeX Font Info:    Font shape `OMS/cmr/m/n' in size <12> not available
(Font)              Font shape `OMS/cmsy/m/n' tried instead on input line 106.

Overfull \hbox (3.44284pt too wide) in paragraph at lines 112--112
[]\OT1/cmr/m/n/12 gcd(\OT1/cmr/m/it/12 f\OT1/cmr/m/n/12 (\OT1/cmr/m/it/12 x\OT1
/cmr/m/n/12 ),\OT1/cmr/m/it/12 g\OT1/cmr/m/n/12 (\OT1/cmr/m/it/12 x\OT1/cmr/m/n
/12 ))| 
 []

[8

]
Chapter 0.
[9

] (./DLPThesisFinal2.toc [10

] [11])
\tf@toc=\write4
\openout4 = `DLPThesisFinal2.toc'.

 [12]
Chapter 1.

Underfull \hbox (badness 10000) in paragraph at lines 162--169

 []


Underfull \hbox (badness 10000) in paragraph at lines 162--169

 []

[13


]
\c@name=\count131
\c@mydef=\count132

Underfull \hbox (badness 10000) in paragraph at lines 193--200

 []


Underfull \hbox (badness 10000) in paragraph at lines 193--200

 []

[14]

Package hyperref Warning: Token not allowed in a PDF string (PDFDocEncoding):
(hyperref)                removing `math shift' on input line 219.


Package hyperref Warning: Token not allowed in a PDF string (PDFDocEncoding):
(hyperref)                removing `subscript' on input line 219.


Package hyperref Warning: Token not allowed in a PDF string (PDFDocEncoding):
(hyperref)                removing `superscript' on input line 219.


Package hyperref Warning: Token not allowed in a PDF string (PDFDocEncoding):
(hyperref)                removing `math shift' on input line 219.

LaTeX Font Info:    Try loading font information for OML+cmr on input line 222.

(/usr/local/texlive/2011/texmf-dist/tex/latex/base/omlcmr.fd
File: omlcmr.fd 1999/05/25 v2.5h Standard LaTeX font definitions
)
LaTeX Font Info:    Font shape `OML/cmr/m/it' in size <12> not available
(Font)              Font shape `OML/cmm/m/it' tried instead on input line 222.
\c@theorem=\count133
 [15]
Chapter 2.
[16

] [17] [18] [19]
Missing character: There is no ‚ in font cmr12!
Missing character: There is no Ä in font cmr12!
Missing character: There is no ù in font cmr12!
Missing character: There is no ‚ in font cmr12!
Missing character: There is no Ä in font cmr12!
Missing character: There is no ù in font cmr12!
Missing character: There is no ‚ in font cmr12!
Missing character: There is no Ä in font cmr12!
Missing character: There is no ù in font cmr12!
Missing character: There is no ‚ in font cmr12!
Missing character: There is no Ä in font cmr12!
Missing character: There is no ô in font cmr12!
 [20] [21]
Missing character: There is no ‚ in font cmr12!
Missing character: There is no Ä in font cmr12!
Missing character: There is no ¶ in font cmr12!
 [22]
Underfull \hbox (badness 10000) in paragraph at lines 478--482

 []

[23] [24]
Chapter 3.
\c@example=\count134
[25

]
Underfull \hbox (badness 10000) in paragraph at lines 578--582

 []

[26]

Package hyperref Warning: Token not allowed in a PDF string (PDFDocEncoding):
(hyperref)                removing `math shift' on input line 597.


Package hyperref Warning: Token not allowed in a PDF string (PDFDocEncoding):
(hyperref)                removing `subscript' on input line 597.


Package hyperref Warning: Token not allowed in a PDF string (PDFDocEncoding):
(hyperref)                removing `math shift' on input line 597.


Package hyperref Warning: Token not allowed in a PDF string (PDFDocEncoding):
(hyperref)                removing `math shift' on input line 603.


Package hyperref Warning: Token not allowed in a PDF string (PDFDocEncoding):
(hyperref)                removing `subscript' on input line 603.


Package hyperref Warning: Token not allowed in a PDF string (PDFDocEncoding):
(hyperref)                removing `superscript' on input line 603.


Package hyperref Warning: Token not allowed in a PDF string (PDFDocEncoding):
(hyperref)                removing `math shift' on input line 603.


Underfull \hbox (badness 10000) in paragraph at lines 609--613

 []

[27]
Underfull \hbox (badness 10000) in paragraph at lines 638--642

 []

[28]
Overfull \hbox (23.86671pt too wide) in paragraph at lines 650--651
[]\OT1/cmr/m/it/12 It is true for any fi-nite field F$[]$, prim-it-ive ele-ment
 $\OML/cmm/m/it/12 $ \OT1/cmr/m/it/12 and ele-ments $\OML/cmm/m/it/12 ^^L[]; ^
^L[]; :::; ^^L[] \OMS/cmsy/m/n/12 2$$\U/msb/m/n/12 Z[]$
 []


Underfull \hbox (badness 10000) in paragraph at lines 666--670

 []


Underfull \hbox (badness 10000) in paragraph at lines 677--687

 []


Underfull \hbox (badness 10000) in paragraph at lines 677--687

 []


Underfull \hbox (badness 10000) in paragraph at lines 677--687

 []

[29]
Underfull \hbox (badness 10000) in paragraph at lines 692--696

 []

LaTeX Font Info:    Font shape `OML/cmr/m/n' in size <12> not available
(Font)              Font shape `OML/cmm/m/it' tried instead on input line 698.

Underfull \hbox (badness 10000) in paragraph at lines 700--704

 []

[30]
LaTeX Font Info:    Font shape `OMS/cmr/bx/n' in size <12> not available
(Font)              Font shape `OMS/cmsy/b/n' tried instead on input line 712.
 [31]
Underfull \hbox (badness 10000) in paragraph at lines 751--755

 []

[32] [33] [34]
Chapter 4.
[35

]
LaTeX Font Info:    Font shape `OMS/cmr/m/it' in size <12> not available
(Font)              Font shape `OMS/cmsy/m/n' tried instead on input line 859.
 [36]
Underfull \hbox (badness 10000) in paragraph at lines 943--950

 []


Underfull \hbox (badness 10000) in paragraph at lines 943--950

 []

[37]
Underfull \hbox (badness 10000) in paragraph at lines 953--960

 []


Underfull \hbox (badness 10000) in paragraph at lines 953--960

 []


Underfull \hbox (badness 10000) in paragraph at lines 961--965

 []

[38] [39] [40]
Underfull \hbox (badness 10000) in paragraph at lines 1086--1090

 []

Package hyperref Info: bookmark level for unknown algorithm defaults to 0 on in
put line 1092.
[41]
Underfull \hbox (badness 10000) in paragraph at lines 1134--1138

 []


Underfull \hbox (badness 10000) in paragraph at lines 1157--1161

 []

[42] [43pdfTeX warning (ext4): destination with the same identifier (name{table
.4.1}) has been already used, duplicate ignored

\AtBegShi@Output ...ipout \box \AtBeginShipoutBox 
                                                  \fi \fi 
l.1187 \newpage
               ]
Underfull \hbox (badness 10000) in paragraph at lines 1214--1218

 []


Underfull \hbox (badness 10000) in paragraph at lines 1223--1227

 []

[44] [45] [46]
Chapter 5.
[47

] [48] [49] [50] [51]
Underfull \hbox (badness 10000) in paragraph at lines 1475--1479

 []

[52]

Package hyperref Warning: Token not allowed in a PDF string (PDFDocEncoding):
(hyperref)                removing `math shift' on input line 1534.


Package hyperref Warning: Token not allowed in a PDF string (PDFDocEncoding):
(hyperref)                removing `\rho' on input line 1534.


Package hyperref Warning: Token not allowed in a PDF string (PDFDocEncoding):
(hyperref)                removing `math shift' on input line 1534.


Underfull \hbox (badness 10000) in paragraph at lines 1541--1545

 []

[53]
Underfull \hbox (badness 10000) in paragraph at lines 1591--1598

 []


Underfull \hbox (badness 10000) in paragraph at lines 1591--1598

 []

[54] [55] [56]

LaTeX Warning: Command \l invalid in math mode on input line 1705.

[57]
Underfull \hbox (badness 10000) in paragraph at lines 1749--1751

 []


Underfull \hbox (badness 10000) in paragraph at lines 1755--1759

 []

[58] [59]
Underfull \hbox (badness 10000) in paragraph at lines 1801--1805

 []


LaTeX Warning: Float too large for page by 45.12965pt on input line 1861.

[60] [61]

Package hyperref Warning: Token not allowed in a PDF string (PDFDocEncoding):
(hyperref)                removing `math shift' on input line 1865.


Package hyperref Warning: Token not allowed in a PDF string (PDFDocEncoding):
(hyperref)                removing `subscript' on input line 1865.


Package hyperref Warning: Token not allowed in a PDF string (PDFDocEncoding):
(hyperref)                removing `superscript' on input line 1865.


Package hyperref Warning: Token not allowed in a PDF string (PDFDocEncoding):
(hyperref)                removing `math shift' on input line 1865.


Package hyperref Warning: Token not allowed in a PDF string (PDFDocEncoding):
(hyperref)                removing `math shift' on input line 1929.


Package hyperref Warning: Token not allowed in a PDF string (PDFDocEncoding):
(hyperref)                removing `subscript' on input line 1929.


Package hyperref Warning: Token not allowed in a PDF string (PDFDocEncoding):
(hyperref)                removing `superscript' on input line 1929.


Package hyperref Warning: Token not allowed in a PDF string (PDFDocEncoding):
(hyperref)                removing `superscript' on input line 1929.


Package hyperref Warning: Token not allowed in a PDF string (PDFDocEncoding):
(hyperref)                removing `math shift' on input line 1929.

[62] [63]
Underfull \hbox (badness 10000) in paragraph at lines 1988--1997

 []


Underfull \hbox (badness 10000) in paragraph at lines 1988--1997

 []

[64]
Chapter 6.

Package hyperref Warning: Token not allowed in a PDF string (PDFDocEncoding):
(hyperref)                removing `math shift' on input line 2031.


Package hyperref Warning: Token not allowed in a PDF string (PDFDocEncoding):
(hyperref)                removing `subscript' on input line 2031.


Package hyperref Warning: Token not allowed in a PDF string (PDFDocEncoding):
(hyperref)                removing `math shift' on input line 2031.

[65

] [66] [67]
Overfull \hbox (0.86339pt too wide) in paragraph at lines 2119--2120
[]\OT1/cmr/bx/n/12 Pollard's $\OML/cmm/m/it/12 ^^Z$ \OT1/cmr/bx/n/12 al-gorithm
 for log-ar-ithms and Pohlig-Hellman Al-gorithm
 []


Overfull \hbox (1.51952pt too wide) in paragraph at lines 2119--2120
\OT1/cmtt/m/n/12 de / []reinhard / krypto / English / pollardrho _ e . html$[][
] \OT1/cmr/m/n/12 and [][]$\OT1/cmtt/m/n/12 http : / / www-[]ti .
 []


Overfull \hbox (26.76701pt too wide) in paragraph at lines 2119--2120
\OT1/cmtt/m/n/12 informatik . uni-[]tuebingen . de / []reinhard / krypto / Pohl
igHellman / english .
 []

[68] [69]

Package hyperref Warning: Token not allowed in a PDF string (PDFDocEncoding):
(hyperref)                removing `math shift' on input line 2162.


Package hyperref Warning: Token not allowed in a PDF string (PDFDocEncoding):
(hyperref)                removing `subscript' on input line 2162.


Package hyperref Warning: Token not allowed in a PDF string (PDFDocEncoding):
(hyperref)                removing `superscript' on input line 2162.


Package hyperref Warning: Token not allowed in a PDF string (PDFDocEncoding):
(hyperref)                removing `math shift' on input line 2162.

[70] [71]
Underfull \hbox (badness 10000) in paragraph at lines 2236--2248

 []


Underfull \hbox (badness 10000) in paragraph at lines 2236--2248

 []


Underfull \hbox (badness 10000) in paragraph at lines 2236--2248

 []

[72] [73]
Underfull \hbox (badness 10000) in paragraph at lines 2266--2268

 []

[74] [75]
Underfull \hbox (badness 10000) in paragraph at lines 2324--2326

 []

[76]
Underfull \hbox (badness 10000) in paragraph at lines 2373--2375

 []

[77] [78] [79]
Chapter 7.
[80

] [81] [82


] [83] [84]
Appendix A.

Package hyperref Warning: Token not allowed in a PDF string (PDFDocEncoding):
(hyperref)                removing `math shift' on input line 2612.


Package hyperref Warning: Token not allowed in a PDF string (PDFDocEncoding):
(hyperref)                removing `subscript' on input line 2612.


Package hyperref Warning: Token not allowed in a PDF string (PDFDocEncoding):
(hyperref)                removing `math shift' on input line 2612.


Overfull \hbox (27.76733pt too wide) in paragraph at lines 2636--2636
[]\OT1/cmtt/m/n/12 int ex_search(int alpha, int beta, int n){ // Function Exhau
stive Search[] 
 []

[85


]
Overfull \hbox (9.24232pt too wide) in paragraph at lines 2660--2660
[]    \OT1/cmtt/m/n/12 double time, timedif; // Double is used here to show sma
ll values[] 
 []


Overfull \hbox (3.06732pt too wide) in paragraph at lines 2668--2668
[]    \OT1/cmtt/m/n/12 cout<<"\n \n Implementation of the Exhaustive Search Met
hod for"[] 
 []


Overfull \hbox (3.06732pt too wide) in paragraph at lines 2678--2678
[]    \OT1/cmtt/m/n/12 cout<<"\n Please enter a value for the order `n' of the 
group:";[] 
 []

[86]
Overfull \hbox (3.06732pt too wide) in paragraph at lines 2683--2683
[]    \OT1/cmtt/m/n/12 cout<<endl<<"\n The discrete logarithm x is: "<<ans<<end
l<<endl;[] 
 []


Overfull \hbox (9.24232pt too wide) in paragraph at lines 2712--2712
[]\OT1/cmtt/m/n/12 the unique integer x such that x = log_{alpha}(beta) for the
 Discrete[] 
 []


Overfull \hbox (3.06732pt too wide) in paragraph at lines 2713--2713
[]\OT1/cmtt/m/n/12 Logarithm Problem, in GF(p), with cyclic group G, order n, g
enerator[] 
 []

[87] [88] [89]
Overfull \hbox (3.06732pt too wide) in paragraph at lines 2807--2807
[]    \OT1/cmtt/m/n/12 if(!(result_new.a>1)){ // If d (the first element in the
 struct)[] 
 []


Overfull \hbox (3.06732pt too wide) in paragraph at lines 2823--2823
[]\OT1/cmtt/m/n/12 /*--------------End of Multiplicative inverse in Z[n]-------
------*/[] 
 []


Overfull \hbox (3.06732pt too wide) in paragraph at lines 2825--2825
[]\OT1/cmtt/m/n/12 /*----------------Square and Multiply algorithm-------------
------*/[] 
 []

[90]
Overfull \hbox (3.06732pt too wide) in paragraph at lines 2865--2865
[]\OT1/cmtt/m/n/12 /*-----------Baby Step: B=(j, (alpha^j)modp) for 0<=j<m-----
------*/[] 
 []


Overfull \hbox (9.24232pt too wide) in paragraph at lines 2872--2872
[]      \OT1/cmtt/m/n/12 B1.push_back((int(pow(a, j)))%p); // Adds a new elemen
t at each[] 
 []


Overfull \hbox (9.24232pt too wide) in paragraph at lines 2875--2875
[]      \OT1/cmtt/m/n/12 B2.push_back((int(pow(a, j)))%p); // Adding elements t
o list B2[] 
 []

[91]
Overfull \hbox (3.06732pt too wide) in paragraph at lines 2885--2885
[]\OT1/cmtt/m/n/12 double e=double(s_and_m(c,m,p)); // Using square and multipl
y method[] 
 []


Overfull \hbox (3.06732pt too wide) in paragraph at lines 2890--2890
[]\OT1/cmtt/m/n/12 /*------Giant Steps: gamma=(beta)(alpha^(-m*i))modp, 2)gamma
^i where[] 
 []


Overfull \hbox (3.06732pt too wide) in paragraph at lines 2891--2891
[]\OT1/cmtt/m/n/12 i=1,2,3..... and then comparing the values with the BabyStep
 results[] 
 []


Overfull \hbox (9.24232pt too wide) in paragraph at lines 2902--2902
[]              \OT1/cmtt/m/n/12 gamma=s_and_m(e,i,p); // square and multiply f
or values[] 
 []


Overfull \hbox (3.06732pt too wide) in paragraph at lines 2909--2909
[]              \OT1/cmtt/m/n/12 if(B2[l]==gamma){ // Comparing values from B2 
to gamma[] 
 []

[92]
Overfull \hbox (9.24232pt too wide) in paragraph at lines 2950--2950
[]    \OT1/cmtt/m/n/12 double time, timedif; // Double is used here to show sma
ll values[] 
 []


Overfull \hbox (21.59233pt too wide) in paragraph at lines 2958--2958
[]    \OT1/cmtt/m/n/12 cout<<"\n \n Implementation of Shanks' Baby-Step Giant-S
tep Method"[] 
 []

[93]
Overfull \hbox (9.24232pt too wide) in paragraph at lines 2960--2960
[]          \OT1/cmtt/m/n/12 "\n x = log_{alpha}beta for the Discrete Logarithm
 Problem"[] 
 []


Overfull \hbox (15.41733pt too wide) in paragraph at lines 2961--2961
[]          \OT1/cmtt/m/n/12 "\n in GF(p), with cyclic group G, order n, genera
tor alpha"[] 
 []


Overfull \hbox (3.06732pt too wide) in paragraph at lines 2968--2968
[]    \OT1/cmtt/m/n/12 cout<<"\n Please enter a value for the order `n' of the 
group:";[] 
 []


Package hyperref Warning: Token not allowed in a PDF string (PDFDocEncoding):
(hyperref)                removing `math shift' on input line 2996.


Package hyperref Warning: Token not allowed in a PDF string (PDFDocEncoding):
(hyperref)                removing `\rho' on input line 2996.


Package hyperref Warning: Token not allowed in a PDF string (PDFDocEncoding):
(hyperref)                removing `math shift' on input line 2996.


Overfull \hbox (3.06732pt too wide) in paragraph at lines 3003--3003
[]\OT1/cmtt/m/n/12 integer x such that x = log_{alpha}(beta) for the Discrete L
ogarithm[] 
 []

[94] [95] [96] [97]
Overfull \hbox (9.24232pt too wide) in paragraph at lines 3149--3149
[]                  \OT1/cmtt/m/n/12 "\n No Discrete Logarithm x for the above 
values!'"[] 
 []

[98]
Overfull \hbox (3.06732pt too wide) in paragraph at lines 3172--3172
[]\OT1/cmtt/m/n/12 /*------------------End of Pollard's Rho function-----------
------*/[] 
 []


Overfull \hbox (3.06732pt too wide) in paragraph at lines 3174--3174
[]\OT1/cmtt/m/n/12 /***********************End of Functions********************
*******/[] 
 []


Overfull \hbox (3.06732pt too wide) in paragraph at lines 3176--3176
[]\OT1/cmtt/m/n/12 /*-------------------------Main function--------------------
------*/[] 
 []


Overfull \hbox (9.24232pt too wide) in paragraph at lines 3180--3180
[]    \OT1/cmtt/m/n/12 double time, timedif; // Double is used here to show sma
ll values[] 
 []


Overfull \hbox (15.41733pt too wide) in paragraph at lines 3188--3188
[]    \OT1/cmtt/m/n/12 cout<<"\n \n Implementation of Pollard's Rho Method for 
computing"[] 
 []


Overfull \hbox (21.59233pt too wide) in paragraph at lines 3190--3190
[]          \OT1/cmtt/m/n/12 "\n for the Discrete Logarithm Problem in GF(p), w
ith cyclic"[] 
 []


Overfull \hbox (3.06732pt too wide) in paragraph at lines 3198--3198
[]    \OT1/cmtt/m/n/12 cout<<"\n Please enter a value for the order `n' of the 
group:";[] 
 []

[99]
Overfull \hbox (9.24232pt too wide) in paragraph at lines 3208--3208
[]    \OT1/cmtt/m/n/12 // seconds, divide the value returned by clock() by CLOC
K_PER_SEC[] 
 []


Overfull \hbox (3.06732pt too wide) in paragraph at lines 3218--3218
[]\OT1/cmtt/m/n/12 /*----------------------End of Main function----------------
------*/[] 
 []


Overfull \hbox (3.06732pt too wide) in paragraph at lines 3231--3231
[]\OT1/cmtt/m/n/12 /*----------------------Pohlig_Hellman.cpp------------------
--------[] 
 []


Overfull \hbox (3.06732pt too wide) in paragraph at lines 3241--3241
[]\OT1/cmtt/m/n/12 ------------------------Pohlig_Hellman.cpp------------------
------*/[] 
 []

[100]
Overfull \hbox (3.06732pt too wide) in paragraph at lines 3250--3250
[]\OT1/cmtt/m/n/12 /****************************Functions**********************
*******/[] 
 []

[101] [102]
Overfull \hbox (21.59233pt too wide) in paragraph at lines 3332--3332
[]    \OT1/cmtt/m/n/12 return result_new.b; // Return x (the second element in 
the struct)[] 
 []


Overfull \hbox (3.06732pt too wide) in paragraph at lines 3353--3353
[]\OT1/cmtt/m/n/12 /*----------------End of Greatest Common Divisor------------
------*/[] 
 []


Overfull \hbox (3.06732pt too wide) in paragraph at lines 3355--3355
[]\OT1/cmtt/m/n/12 /*-----------------------Inverse Function-------------------
------*/[] 
 []

[103]
Overfull \hbox (9.24232pt too wide) in paragraph at lines 3379--3379
[]\OT1/cmtt/m/n/12 /*---------------------End of Inverse function--------------
-------*/[] 
 []


Overfull \hbox (9.24232pt too wide) in paragraph at lines 3381--3381
[]\OT1/cmtt/m/n/12 /*--------------------Chinese Remainder Theorem-------------
-------*/[] 
 []

[104]
Overfull \hbox (9.24232pt too wide) in paragraph at lines 3420--3420
[]\OT1/cmtt/m/n/12 /*----------------End of Chinese Remainder Theorem----------
-------*/[] 
 []


Overfull \hbox (9.24232pt too wide) in paragraph at lines 3422--3422
[]\OT1/cmtt/m/n/12 /*-------------------Square and Multiply algorithm----------
-------*/[] 
 []

[105]
Overfull \hbox (9.24232pt too wide) in paragraph at lines 3443--3443
[]\OT1/cmtt/m/n/12 /*---------------End of Square and Multiply algorithm-------
-------*/[] 
 []


Overfull \hbox (9.24232pt too wide) in paragraph at lines 3445--3445
[]\OT1/cmtt/m/n/12 /*--------------------Prime Factorisation-------------------
-------*/[] 
 []


Overfull \hbox (9.24232pt too wide) in paragraph at lines 3447--3447
[]\OT1/cmtt/m/n/12 ph prime_fact(int n) {// Function prime factorisation of str
ucture ph[] 
 []


Overfull \hbox (9.24232pt too wide) in paragraph at lines 3453--3453
[]\OT1/cmtt/m/n/12 while (n > 1 && i <= n) { // n has to be both greater then 1
 AND less[] 
 []


Overfull \hbox (9.24232pt too wide) in paragraph at lines 3454--3454
[]                          \OT1/cmtt/m/n/12 // than and equal to i. && Boolean
 operator[] 
 []


Overfull \hbox (3.06732pt too wide) in paragraph at lines 3456--3456
[]                          \OT1/cmtt/m/n/12 // conditions on left and right ha
nd sides[] 
 []


Overfull \hbox (3.06732pt too wide) in paragraph at lines 3477--3477
[]\OT1/cmtt/m/n/12 /*-------------------End of Prime Factorisation-------------
------*/[] 
 []


Overfull \hbox (3.06732pt too wide) in paragraph at lines 3479--3479
[]\OT1/cmtt/m/n/12 /*--------------------Pohlig-Hellman algorithm--------------
------*/[] 
 []

[106]
Overfull \hbox (15.41733pt too wide) in paragraph at lines 3509--3509
[]    \OT1/cmtt/m/n/12 gamma=gamma*(s_and_m(a, (l[j]*((int)(pow((double) q, j-1
)))), p));[] 
 []

[107] [108]
Overfull \hbox (21.59233pt too wide) in paragraph at lines 3559--3559
[]\OT1/cmtt/m/n/12 int m = ChineseTheorem(B, A); // Calling the function Chines
e Remainder[] 
 []


Overfull \hbox (9.24232pt too wide) in paragraph at lines 3560--3560
[]                              \OT1/cmtt/m/n/12 // Theorem to solve pair of co
ngruences[] 
 []


Overfull \hbox (9.24232pt too wide) in paragraph at lines 3565--3565
[]\OT1/cmtt/m/n/12 /*-----------------End of Pohlig-Hellman algorithm----------
-------*/[] 
 []


Overfull \hbox (9.24232pt too wide) in paragraph at lines 3567--3567
[]\OT1/cmtt/m/n/12 /************************End of Functions*******************
********/[] 
 []


Overfull \hbox (15.41733pt too wide) in paragraph at lines 3569--3569
[]\OT1/cmtt/m/n/12 /*--------------------------Main Function-------------------
--------*/[] 
 []


Overfull \hbox (15.41733pt too wide) in paragraph at lines 3575--3575
[]     \OT1/cmtt/m/n/12 double time, timedif; // Double is used here to show sm
all values[] 
 []


Overfull \hbox (9.24232pt too wide) in paragraph at lines 3583--3583
[]     \OT1/cmtt/m/n/12 cout<<"\n \n Implementation of the Pohlig Hellman algor
ithm for"[] 
 []

[109]
Overfull \hbox (3.06732pt too wide) in paragraph at lines 3619--3619
[]\OT1/cmtt/m/n/12 /*----------------------End of Main Function----------------
------*/[] 
 []

[110]

Package hyperref Warning: Token not allowed in a PDF string (PDFDocEncoding):
(hyperref)                removing `math shift' on input line 3628.


Package hyperref Warning: Token not allowed in a PDF string (PDFDocEncoding):
(hyperref)                removing `subscript' on input line 3628.


Package hyperref Warning: Token not allowed in a PDF string (PDFDocEncoding):
(hyperref)                removing `superscript' on input line 3628.


Package hyperref Warning: Token not allowed in a PDF string (PDFDocEncoding):
(hyperref)                removing `math shift' on input line 3628.


Overfull \hbox (3.06732pt too wide) in paragraph at lines 3634--3634
[]\OT1/cmtt/m/n/12 /*-----------------------ex_search_2n.cpp-------------------
--------[] 
 []


Overfull \hbox (9.24232pt too wide) in paragraph at lines 3645--3645
[]\OT1/cmtt/m/n/12 -------------------------ex_search_2n.cpp-------------------
-------*/[] 
 []


Overfull \hbox (15.41733pt too wide) in paragraph at lines 3647--3647
[]\OT1/cmtt/m/n/12 /*---------------------Exhaustive Search Method-------------
--------*/[] 
 []

[111]
Overfull \hbox (9.24232pt too wide) in paragraph at lines 3692--3692
[]    \OT1/cmtt/m/n/12 if(B1[y]==beta) // Comparing list value to find a match 
with beta[] 
 []


Overfull \hbox (9.24232pt too wide) in paragraph at lines 3699--3699
[]\OT1/cmtt/m/n/12 /*------------------End of Exhaustive Search Method---------
-------*/[] 
 []


Overfull \hbox (9.24232pt too wide) in paragraph at lines 3701--3701
[]\OT1/cmtt/m/n/12 /*---------------------------Main Function------------------
-------*/[] 
 []

[112]
Overfull \hbox (9.24232pt too wide) in paragraph at lines 3715--3715
[]    \OT1/cmtt/m/n/12 cout<<"\n \n Implementation of the Exhaustive Search/Bru
te-Force"[] 
 []


Overfull \hbox (3.06732pt too wide) in paragraph at lines 3719--3719
[]          \OT1/cmtt/m/n/12 "\n alpha and beta are Galois Field Elements and p
rim_poly[] 
 []


Overfull \hbox (21.59233pt too wide) in paragraph at lines 3724--3724
[]    \OT1/cmtt/m/n/12 cout<<endl<<"\n \n The discrete logarithm x is: "<<ans<<
endl<<endl;[] 
 []


Overfull \hbox (3.06732pt too wide) in paragraph at lines 3740--3740
[]\OT1/cmtt/m/n/12 /*----------------------End of Main Function----------------
------*/[] 
 []

[113]
Overfull \hbox (3.06732pt too wide) in paragraph at lines 3758--3758
[]\OT1/cmtt/m/n/12 Logarithm Problem, in the finite field GF(2^n), where n is t
he value[] 
 []

[114] [115]
Overfull \hbox (9.24232pt too wide) in paragraph at lines 3858--3858
[]    \OT1/cmtt/m/n/12 euclidean result={d,x,y}; // In the struct euclidean, el
ements 1,[] 
 []

[116] [117] [118] [119]
Overfull \hbox (3.06732pt too wide) in paragraph at lines 3993--3993
[]              \OT1/cmtt/m/n/12 if(B2[l]==gamma){ // Comparing values from B2 
to gamma[] 
 []

[120] [121]

Package hyperref Warning: Token not allowed in a PDF string (PDFDocEncoding):
(hyperref)                removing `math shift' on input line 4072.


Package hyperref Warning: Token not allowed in a PDF string (PDFDocEncoding):
(hyperref)                removing `\rho' on input line 4072.


Package hyperref Warning: Token not allowed in a PDF string (PDFDocEncoding):
(hyperref)                removing `math shift' on input line 4072.

[122] [123] [124] [125] [126]
Overfull \hbox (9.24232pt too wide) in paragraph at lines 4293--4293
[]    \OT1/cmtt/m/n/12 double time, timedif; // Double is used here to show sma
ll values[] 
 []

[127]

FiXme Summary: Number of notes: 0,
(FiXme)        Number of warnings: 0,
(FiXme)        Number of errors: 0,
(FiXme)        Number of fatal errors: 0,
(FiXme)        Total: 0.

Package atveryend Info: Empty hook `BeforeClearDocument' on input line 4335.
[128]
Package atveryend Info: Empty hook `AfterLastShipout' on input line 4335.
 (./DLPThesisFinal2.aux)
Package atveryend Info: Executing hook `AtVeryEndDocument' on input line 4335.
Package atveryend Info: Executing hook `AtEndAfterFileList' on input line 4335.

Package rerunfilecheck Info: File `DLPThesisFinal2.out' has not changed.
(rerunfilecheck)             Checksum: 5409BC7FC4F43C54232DADF19EE7EACA;6323.


LaTeX Warning: There were multiply-defined labels.

Package atveryend Info: Empty hook `AtVeryVeryEnd' on input line 4335.
 ) 
Here is how much of TeX's memory you used:
 8739 strings out of 493633
 127315 string characters out of 3143377
 237186 words of memory out of 3000000
 11343 multiletter control sequences out of 15000+200000
 17086 words of font info for 69 fonts, out of 3000000 for 9000
 831 hyphenation exceptions out of 8191
 39i,12n,60p,1932b,755s stack positions out of 5000i,500n,10000p,200000b,50000s
</usr/local/texlive/2011/texmf-dist/fonts/type1/public/amsfonts/cm/cmbsy10.pf
b></usr/local/texlive/2011/texmf-dist/fonts/type1/public/amsfonts/cm/cmbx12.pfb
></usr/local/texlive/2011/texmf-dist/fonts/type1/public/amsfonts/cm/cmbxti10.pf
b></usr/local/texlive/2011/texmf-dist/fonts/type1/public/amsfonts/cm/cmex10.pfb
></usr/local/texlive/2011/texmf-dist/fonts/type1/public/amsfonts/cmextra/cmex8.
pfb></usr/local/texlive/2011/texmf-dist/fonts/type1/public/amsfonts/cm/cmmi10.p
fb></usr/local/texlive/2011/texmf-dist/fonts/type1/public/amsfonts/cm/cmmi12.pf
b></usr/local/texlive/2011/texmf-dist/fonts/type1/public/amsfonts/cm/cmmi6.pfb>
</usr/local/texlive/2011/texmf-dist/fonts/type1/public/amsfonts/cm/cmmi7.pfb></
usr/local/texlive/2011/texmf-dist/fonts/type1/public/amsfonts/cm/cmmi8.pfb></us
r/local/texlive/2011/texmf-dist/fonts/type1/public/amsfonts/cm/cmr10.pfb></usr/
local/texlive/2011/texmf-dist/fonts/type1/public/amsfonts/cm/cmr12.pfb></usr/lo
cal/texlive/2011/texmf-dist/fonts/type1/public/amsfonts/cm/cmr17.pfb></usr/loca
l/texlive/2011/texmf-dist/fonts/type1/public/amsfonts/cm/cmr6.pfb></usr/local/t
exlive/2011/texmf-dist/fonts/type1/public/amsfonts/cm/cmr8.pfb></usr/local/texl
ive/2011/texmf-dist/fonts/type1/public/amsfonts/cm/cmsl12.pfb></usr/local/texli
ve/2011/texmf-dist/fonts/type1/public/amsfonts/cm/cmss17.pfb></usr/local/texliv
e/2011/texmf-dist/fonts/type1/public/amsfonts/cm/cmsy10.pfb></usr/local/texlive
/2011/texmf-dist/fonts/type1/public/amsfonts/cm/cmsy6.pfb></usr/local/texlive/2
011/texmf-dist/fonts/type1/public/amsfonts/cm/cmsy8.pfb></usr/local/texlive/201
1/texmf-dist/fonts/type1/public/amsfonts/cm/cmti12.pfb></usr/local/texlive/2011
/texmf-dist/fonts/type1/public/amsfonts/cm/cmtt12.pfb></usr/local/texlive/2011/
texmf-dist/fonts/type1/public/amsfonts/latxfont/lasy10.pfb></usr/local/texlive/
2011/texmf-dist/fonts/type1/public/amsfonts/symbols/msam10.pfb></usr/local/texl
ive/2011/texmf-dist/fonts/type1/public/amsfonts/symbols/msbm10.pfb>
Output written on DLPThesisFinal2.pdf (128 pages, 548680 bytes).
PDF statistics:
 1561 PDF objects out of 1728 (max. 8388607)
 1392 compressed objects within 14 object streams
 544 named destinations out of 1000 (max. 500000)
 689 words of extra memory for PDF output out of 10000 (max. 10000000)

